# JRE version: OpenJDK Runtime Environment (8.0_242-b01) (build 1.8.0_242-release-1644-b01)
# Java VM: OpenJDK 64-Bit Server VM (25.242-b01 mixed mode windows-amd64 compressed oops)
Heap:
 PSYoungGen      total 210432K, used 177929K [0x00000000d5580000, 0x00000000e4300000, 0x0000000100000000)
  eden space 197120K, 83% used [0x00000000d5580000,0x00000000df6510e8,0x00000000e1600000)
  from space 13312K, 99% used [0x00000000e3600000,0x00000000e42f1538,0x00000000e4300000)
  to   space 16384K, 0% used [0x00000000e2300000,0x00000000e2300000,0x00000000e3300000)
 ParOldGen       total 81920K, used 19569K [0x0000000080000000, 0x0000000085000000, 0x00000000d5580000)
  object space 81920K, 23% used [0x0000000080000000,0x000000008131c6c8,0x0000000085000000)
 Metaspace       used 55741K, capacity 57876K, committed 58024K, reserved 1099776K
  class space    used 7513K, capacity 7983K, committed 8104K, reserved 1048576K
GC Heap History (10 events):
Event: 7.387 GC heap before
{Heap before GC invocations=6 (full 1):
 PSYoungGen      total 71680K, used 5092K [0x00000000d5580000, 0x00000000df280000, 0x0000000100000000)
  eden space 66560K, 0% used [0x00000000d5580000,0x00000000d5580000,0x00000000d9680000)
  from space 5120K, 99% used [0x00000000d9680000,0x00000000d9b79050,0x00000000d9b80000)
  to   space 13824K, 0% used [0x00000000de500000,0x00000000de500000,0x00000000df280000)
 ParOldGen       total 87552K, used 11879K [0x0000000080000000, 0x0000000085580000, 0x00000000d5580000)
  object space 87552K, 13% used [0x0000000080000000,0x0000000080b99fe8,0x0000000085580000)
 Metaspace       used 20538K, capacity 21226K, committed 21296K, reserved 1067008K
  class space    used 2879K, capacity 3097K, committed 3120K, reserved 1048576K
Event: 7.457 GC heap after
Heap after GC invocations=6 (full 1):
 PSYoungGen      total 71680K, used 0K [0x00000000d5580000, 0x00000000df280000, 0x0000000100000000)
  eden space 66560K, 0% used [0x00000000d5580000,0x00000000d5580000,0x00000000d9680000)
  from space 5120K, 0% used [0x00000000d9680000,0x00000000d9680000,0x00000000d9b80000)
  to   space 13824K, 0% used [0x00000000de500000,0x00000000de500000,0x00000000df280000)
 ParOldGen       total 59392K, used 12221K [0x0000000080000000, 0x0000000083a00000, 0x00000000d5580000)
  object space 59392K, 20% used [0x0000000080000000,0x0000000080bef770,0x0000000083a00000)
 Metaspace       used 20538K, capacity 21226K, committed 21296K, reserved 1067008K
  class space    used 2879K, capacity 3097K, committed 3120K, reserved 1048576K
}
Event: 9.681 GC heap before
{Heap before GC invocations=7 (full 1):
 PSYoungGen      total 71680K, used 66560K [0x00000000d5580000, 0x00000000df280000, 0x0000000100000000)
  eden space 66560K, 100% used [0x00000000d5580000,0x00000000d9680000,0x00000000d9680000)
  from space 5120K, 0% used [0x00000000d9680000,0x00000000d9680000,0x00000000d9b80000)
  to   space 13824K, 0% used [0x00000000de500000,0x00000000de500000,0x00000000df280000)
 ParOldGen       total 59392K, used 12221K [0x0000000080000000, 0x0000000083a00000, 0x00000000d5580000)
  object space 59392K, 20% used [0x0000000080000000,0x0000000080bef770,0x0000000083a00000)
 Metaspace       used 28251K, capacity 28940K, committed 29232K, reserved 1075200K
  class space    used 3891K, capacity 4107K, committed 4144K, reserved 1048576K
Event: 9.697 GC heap after
Heap after GC invocations=7 (full 1):
 PSYoungGen      total 128512K, used 8140K [0x00000000d5580000, 0x00000000ded00000, 0x0000000100000000)
  eden space 120320K, 0% used [0x00000000d5580000,0x00000000d5580000,0x00000000dcb00000)
  from space 8192K, 99% used [0x00000000de500000,0x00000000decf31a0,0x00000000ded00000)
  to   space 13312K, 0% used [0x00000000dd300000,0x00000000dd300000,0x00000000de000000)
 ParOldGen       total 59392K, used 12229K [0x0000000080000000, 0x0000000083a00000, 0x00000000d5580000)
  object space 59392K, 20% used [0x0000000080000000,0x0000000080bf1770,0x0000000083a00000)
 Metaspace       used 28251K, capacity 28940K, committed 29232K, reserved 1075200K
  class space    used 3891K, capacity 4107K, committed 4144K, reserved 1048576K
}
Event: 13.308 GC heap before
{Heap before GC invocations=8 (full 1):
 PSYoungGen      total 128512K, used 110280K [0x00000000d5580000, 0x00000000ded00000, 0x0000000100000000)
  eden space 120320K, 84% used [0x00000000d5580000,0x00000000db93f0a0,0x00000000dcb00000)
  from space 8192K, 99% used [0x00000000de500000,0x00000000decf31a0,0x00000000ded00000)
  to   space 13312K, 0% used [0x00000000dd300000,0x00000000dd300000,0x00000000de000000)
 ParOldGen       total 59392K, used 12229K [0x0000000080000000, 0x0000000083a00000, 0x00000000d5580000)
  object space 59392K, 20% used [0x0000000080000000,0x0000000080bf1770,0x0000000083a00000)
 Metaspace       used 34420K, capacity 35418K, committed 35496K, reserved 1079296K
  class space    used 4675K, capacity 4975K, committed 5032K, reserved 1048576K
Event: 13.396 GC heap after
Heap after GC invocations=8 (full 1):
 PSYoungGen      total 141824K, used 12353K [0x00000000d5580000, 0x00000000e4480000, 0x0000000100000000)
  eden space 128512K, 0% used [0x00000000d5580000,0x00000000d5580000,0x00000000dd300000)
  from space 13312K, 92% used [0x00000000dd300000,0x00000000ddf104d0,0x00000000de000000)
  to   space 14848K, 0% used [0x00000000e3600000,0x00000000e3600000,0x00000000e4480000)
 ParOldGen       total 59392K, used 12237K [0x0000000080000000, 0x0000000083a00000, 0x00000000d5580000)
  object space 59392K, 20% used [0x0000000080000000,0x0000000080bf3770,0x0000000083a00000)
 Metaspace       used 34420K, capacity 35418K, committed 35496K, reserved 1079296K
  class space    used 4675K, capacity 4975K, committed 5032K, reserved 1048576K
}
Event: 13.396 GC heap before
{Heap before GC invocations=9 (full 2):
 PSYoungGen      total 141824K, used 12353K [0x00000000d5580000, 0x00000000e4480000, 0x0000000100000000)
  eden space 128512K, 0% used [0x00000000d5580000,0x00000000d5580000,0x00000000dd300000)
  from space 13312K, 92% used [0x00000000dd300000,0x00000000ddf104d0,0x00000000de000000)
  to   space 14848K, 0% used [0x00000000e3600000,0x00000000e3600000,0x00000000e4480000)
 ParOldGen       total 59392K, used 12237K [0x0000000080000000, 0x0000000083a00000, 0x00000000d5580000)
  object space 59392K, 20% used [0x0000000080000000,0x0000000080bf3770,0x0000000083a00000)
 Metaspace       used 34420K, capacity 35418K, committed 35496K, reserved 1079296K
  class space    used 4675K, capacity 4975K, committed 5032K, reserved 1048576K
Event: 13.631 GC heap after
Heap after GC invocations=9 (full 2):
 PSYoungGen      total 141824K, used 0K [0x00000000d5580000, 0x00000000e4480000, 0x0000000100000000)
  eden space 128512K, 0% used [0x00000000d5580000,0x00000000d5580000,0x00000000dd300000)
  from space 13312K, 0% used [0x00000000dd300000,0x00000000dd300000,0x00000000de000000)
  to   space 14848K, 0% used [0x00000000e3600000,0x00000000e3600000,0x00000000e4480000)
 ParOldGen       total 81920K, used 19561K [0x0000000080000000, 0x0000000085000000, 0x00000000d5580000)
  object space 81920K, 23% used [0x0000000080000000,0x000000008131a6c8,0x0000000085000000)
 Metaspace       used 34420K, capacity 35418K, committed 35496K, reserved 1079296K
  class space    used 4675K, capacity 4975K, committed 5032K, reserved 1048576K
}
Event: 17.537 GC heap before
{Heap before GC invocations=10 (full 2):
 PSYoungGen      total 141824K, used 128512K [0x00000000d5580000, 0x00000000e4480000, 0x0000000100000000)
  eden space 128512K, 100% used [0x00000000d5580000,0x00000000dd300000,0x00000000dd300000)
  from space 13312K, 0% used [0x00000000dd300000,0x00000000dd300000,0x00000000de000000)
  to   space 14848K, 0% used [0x00000000e3600000,0x00000000e3600000,0x00000000e4480000)
 ParOldGen       total 81920K, used 19561K [0x0000000080000000, 0x0000000085000000, 0x00000000d5580000)
  object space 81920K, 23% used [0x0000000080000000,0x000000008131a6c8,0x0000000085000000)
 Metaspace       used 42713K, capacity 44350K, committed 44584K, reserved 1087488K
  class space    used 5794K, capacity 6184K, committed 6184K, reserved 1048576K
Event: 17.552 GC heap after
Heap after GC invocations=10 (full 2):
 PSYoungGen      total 210432K, used 13253K [0x00000000d5580000, 0x00000000e4300000, 0x0000000100000000)
  eden space 197120K, 0% used [0x00000000d5580000,0x00000000d5580000,0x00000000e1600000)
  from space 13312K, 99% used [0x00000000e3600000,0x00000000e42f1538,0x00000000e4300000)
  to   space 16384K, 0% used [0x00000000e2300000,0x00000000e2300000,0x00000000e3300000)
 ParOldGen       total 81920K, used 19569K [0x0000000080000000, 0x0000000085000000, 0x00000000d5580000)
  object space 81920K, 23% used [0x0000000080000000,0x000000008131c6c8,0x0000000085000000)
 Metaspace       used 42713K, capacity 44350K, committed 44584K, reserved 1087488K
  class space    used 5794K, capacity 6184K, committed 6184K, reserved 1048576K
}

